#
# There is insufficient memory for the Java Runtime Environment to continue.
# Native memory allocation (mmap) failed to map 134217728 bytes for G1 virtual space
# Possible reasons:
#   The system is out of physical RAM or swap space
#   The process is running with CompressedOops enabled, and the Java Heap may be blocking the growth of the native heap
# Possible solutions:
#   Reduce memory load on the system
#   Increase physical memory or swap space
#   Check if swap backing store is full
#   Decrease Java heap size (-Xmx/-Xms)
#   Decrease number of Java threads
#   Decrease Java thread stack sizes (-Xss)
#   Set larger code cache with -XX:ReservedCodeCacheSize=
#   JVM is running with Unscaled Compressed Oops mode in which the Java heap is
#     placed in the first 4GB address space. The Java Heap base address is the
#     maximum limit for the native heap growth. Please use -XX:HeapBaseMinAddress
#     to set the Java Heap base and to place the Java Heap above 4GB virtual address.
# This output file may be truncated or incomplete.
#
#  Out of Memory Error (os_windows.cpp:3535), pid=2636, tid=27000
#
# JRE version:  (17.0.3.1+2) (build )
# Java VM: Java HotSpot(TM) 64-Bit Server VM (17.0.3.1+2-LTS-6, mixed mode, emulated-client, sharing, tiered, compressed oops, compressed class ptrs, g1 gc, windows-amd64)
# No core dump will be written. Minidumps are not enabled by default on client versions of Windows
#

---------------  S U M M A R Y ------------

Command Line: -XX:TieredStopAtLevel=1 -Dspring.output.ansi.enabled=always -Dcom.sun.management.jmxremote -Dspring.jmx.enabled=true -Dspring.liveBeansView.mbeanDomain -Dspring.application.admin.enabled=true -Dmanagement.endpoints.jmx.exposure.include=* -javaagent:C:\Users\DELL\AppData\Local\JetBrains\Toolbox\apps\IDEA-U\ch-0\231.9011.34\lib\idea_rt.jar=56249:C:\Users\DELL\AppData\Local\JetBrains\Toolbox\apps\IDEA-U\ch-0\231.9011.34\bin -Dfile.encoding=UTF-8 com.eregister.ERegisterApplication

Host: Intel(R) Core(TM) i5-6300U CPU @ 2.40GHz, 4 cores, 7G,  Windows 10 , 64 bit Build 19041 (10.0.19041.3393)
Time: Thu Sep 21 11:18:15 2023 Central Daylight Time elapsed time: 0.035641 seconds (0d 0h 0m 0s)

---------------  T H R E A D  ---------------

Current thread (0x000001bbd384b350):  JavaThread "Unknown thread" [_thread_in_vm, id=27000, stack(0x0000000ace600000,0x0000000ace700000)]

Stack: [0x0000000ace600000,0x0000000ace700000]
Native frames: (J=compiled Java code, j=interpreted, Vv=VM code, C=native code)
V  [jvm.dll+0x6711ba]
V  [jvm.dll+0x7d0834]
V  [jvm.dll+0x7d1fde]
V  [jvm.dll+0x7d2643]
V  [jvm.dll+0x242c85]
V  [jvm.dll+0x66e0d9]
V  [jvm.dll+0x662a22]
V  [jvm.dll+0x300ddb]
V  [jvm.dll+0x308376]
V  [jvm.dll+0x357f7e]
V  [jvm.dll+0x3581af]
V  [jvm.dll+0x2d7ff8]
V  [jvm.dll+0x2d8f64]
V  [jvm.dll+0x7a2411]
V  [jvm.dll+0x365d01]
V  [jvm.dll+0x78187c]
V  [jvm.dll+0x3e873f]
V  [jvm.dll+0x3ea1e1]
C  [jli.dll+0x527b]
C  [ucrtbase.dll+0x21bb2]
C  [KERNEL32.DLL+0x17344]
C  [ntdll.dll+0x526b1]


---------------  P R O C E S S  ---------------

Threads class SMR info:
_java_thread_list=0x00007ffb39729858, length=0, elements={
}

Java Threads: ( => current thread )

Other Threads:
  0x000001bbd38a4600 GCTaskThread "GC Thread#0" [stack: 0x0000000ace800000,0x0000000ace900000] [id=27592]
  0x000001bbd38b62c0 ConcurrentGCThread "G1 Main Marker" [stack: 0x0000000ace900000,0x0000000acea00000] [id=25728]
  0x000001bbd38b6be0 ConcurrentGCThread "G1 Conc#0" [stack: 0x0000000acea00000,0x0000000aceb00000] [id=29272]

[error occurred during error reporting (printing all threads), id 0xc0000005, EXCEPTION_ACCESS_VIOLATION (0xc0000005) at pc=0x00007ffb38f789e7]

VM state: not at safepoint (not fully initialized)

VM Mutex/Monitor currently owned by a thread:  ([mutex/lock_event])
[0x000001bbd3846e80] Heap_lock - owner thread: 0x000001bbd384b350

Heap address: 0x0000000081c00000, size: 2020 MB, Compressed Oops mode: 32-bit

CDS archive(s) mapped at: [0x0000000000000000-0x0000000000000000-0x0000000000000000), size 0, SharedBaseAddress: 0x0000000800000000, ArchiveRelocationMode: 0.
Narrow klass base: 0x0000000000000000, Narrow klass shift: 0, Narrow klass range: 0x0

GC Precious Log:
<Empty>

Heap:
 garbage-first heap   total 0K, used 0K [0x0000000081c00000, 0x0000000100000000)
  region size 1024K, 0 young (0K), 0 survivors (0K)

[error occurred during error reporting (printing heap information), id 0xc0000005, EXCEPTION_ACCESS_VIOLATION (0xc0000005) at pc=0x00007ffb3935a629]

GC Heap History (0 events):
No events

Deoptimization events (0 events):
No events

Classes unloaded (0 events):
No events

Classes redefined (0 events):
No events

Internal exceptions (0 events):
No events

VM Operations (0 events):
No events

Events (1 events):
Event: 0.021 Loaded shared library C:\Program Files\Java\jdk-17.0.3.1\bin\java.dll


Dynamic libraries:
0x00007ff650160000 - 0x00007ff650170000 	C:\Program Files\Java\jdk-17.0.3.1\bin\java.exe
0x00007ffc09690000 - 0x00007ffc09888000 	C:\Windows\SYSTEM32\ntdll.dll
0x00007ffc078d0000 - 0x00007ffc0798d000 	C:\Windows\System32\KERNEL32.DLL
0x00007ffc07160000 - 0x00007ffc07456000 	C:\Windows\System32\KERNELBASE.dll
0x00007ffc06e10000 - 0x00007ffc06f10000 	C:\Windows\System32\ucrtbase.dll
0x00007ffbe16d0000 - 0x00007ffbe16e8000 	C:\Program Files\Java\jdk-17.0.3.1\bin\jli.dll
0x00007ffc091e0000 - 0x00007ffc0928e000 	C:\Windows\System32\ADVAPI32.dll
0x00007ffc09030000 - 0x00007ffc090ce000 	C:\Windows\System32\msvcrt.dll
0x00007ffc09420000 - 0x00007ffc094bc000 	C:\Windows\System32\sechost.dll
0x00007ffc094c0000 - 0x00007ffc095e6000 	C:\Windows\System32\RPCRT4.dll
0x00007ffc07a20000 - 0x00007ffc07bbe000 	C:\Windows\System32\USER32.dll
0x00007ffc07510000 - 0x00007ffc07532000 	C:\Windows\System32\win32u.dll
0x00007ffc077d0000 - 0x00007ffc077fc000 	C:\Windows\System32\GDI32.dll
0x00007ffc075d0000 - 0x00007ffc076ea000 	C:\Windows\System32\gdi32full.dll
0x00007ffc06d70000 - 0x00007ffc06e0d000 	C:\Windows\System32\msvcp_win.dll
0x00007ffbe16b0000 - 0x00007ffbe16ca000 	C:\Program Files\Java\jdk-17.0.3.1\bin\VCRUNTIME140.dll
0x00007ffbf0dc0000 - 0x00007ffbf105a000 	C:\Windows\WinSxS\amd64_microsoft.windows.common-controls_6595b64144ccf1df_6.0.19041.1110_none_60b5254171f9507e\COMCTL32.dll
0x00007ffbff430000 - 0x00007ffbff43a000 	C:\Windows\SYSTEM32\VERSION.dll
0x00007ffc090d0000 - 0x00007ffc09100000 	C:\Windows\System32\IMM32.DLL
0x00007ffbea9d0000 - 0x00007ffbeab33000 	C:\Program Files (x86)\Citrix\ICA Client\epclient64.dll
0x00007ffc070e0000 - 0x00007ffc07107000 	C:\Windows\System32\bcrypt.dll
0x00007ffc07d60000 - 0x00007ffc080b4000 	C:\Windows\System32\combase.dll
0x00007ffc05e30000 - 0x00007ffc05e63000 	C:\Windows\SYSTEM32\ntmarta.dll
0x000001bbd1680000 - 0x000001bbd1702000 	C:\Windows\System32\bcryptprimitives.dll
0x00007ffc04bc0000 - 0x00007ffc04bd2000 	C:\Windows\SYSTEM32\kernel.appcore.dll
0x00007ffbe17d0000 - 0x00007ffbe17dc000 	C:\Program Files\Java\jdk-17.0.3.1\bin\vcruntime140_1.dll
0x00007ffbc91c0000 - 0x00007ffbc924d000 	C:\Program Files\Java\jdk-17.0.3.1\bin\msvcp140.dll
0x00007ffb38c90000 - 0x00007ffb39850000 	C:\Program Files\Java\jdk-17.0.3.1\bin\server\jvm.dll
0x000001bbd1720000 - 0x000001bbd1728000 	C:\Windows\System32\PSAPI.DLL
0x00007ffbef710000 - 0x00007ffbef719000 	C:\Windows\SYSTEM32\WSOCK32.dll
0x00007ffc09290000 - 0x00007ffc092fb000 	C:\Windows\System32\WS2_32.dll
0x00007ffbeb500000 - 0x00007ffbeb527000 	C:\Windows\SYSTEM32\WINMM.dll
0x00007ffbde6b0000 - 0x00007ffbde6ba000 	C:\Program Files\Java\jdk-17.0.3.1\bin\jimage.dll
0x00007ffbf5080000 - 0x00007ffbf5264000 	C:\Windows\SYSTEM32\DBGHELP.DLL
0x00007ffbeaf40000 - 0x00007ffbeaf74000 	C:\Windows\SYSTEM32\dbgcore.DLL
0x00007ffbde680000 - 0x00007ffbde68e000 	C:\Program Files\Java\jdk-17.0.3.1\bin\instrument.dll
0x00007ffbdce40000 - 0x00007ffbdce65000 	C:\Program Files\Java\jdk-17.0.3.1\bin\java.dll

dbghelp: loaded successfully - version: 4.0.5 - missing functions: none
symbol engine: initialized successfully - sym options: 0x614 - pdb path: .;C:\Program Files\Java\jdk-17.0.3.1\bin;C:\Windows\SYSTEM32;C:\Windows\WinSxS\amd64_microsoft.windows.common-controls_6595b64144ccf1df_6.0.19041.1110_none_60b5254171f9507e;C:\Program Files (x86)\Citrix\ICA Client;C:\Program Files\Java\jdk-17.0.3.1\bin\server

VM Arguments:
jvm_args: -XX:TieredStopAtLevel=1 -Dspring.output.ansi.enabled=always -Dcom.sun.management.jmxremote -Dspring.jmx.enabled=true -Dspring.liveBeansView.mbeanDomain -Dspring.application.admin.enabled=true -Dmanagement.endpoints.jmx.exposure.include=* -javaagent:C:\Users\DELL\AppData\Local\JetBrains\Toolbox\apps\IDEA-U\ch-0\231.9011.34\lib\idea_rt.jar=56249:C:\Users\DELL\AppData\Local\JetBrains\Toolbox\apps\IDEA-U\ch-0\231.9011.34\bin -Dfile.encoding=UTF-8 
java_command: com.eregister.ERegisterApplication
java_class_path (initial): D:\SWE\Assignment 9\eRegister2\target\classes;C:\Users\DELL\.m2\repository\org\springframework\boot\spring-boot-starter-thymeleaf\2.7.15\spring-boot-starter-thymeleaf-2.7.15.jar;C:\Users\DELL\.m2\repository\org\springframework\boot\spring-boot-starter\2.7.15\spring-boot-starter-2.7.15.jar;C:\Users\DELL\.m2\repository\org\springframework\boot\spring-boot\2.7.15\spring-boot-2.7.15.jar;C:\Users\DELL\.m2\repository\org\springframework\boot\spring-boot-autoconfigure\2.7.15\spring-boot-autoconfigure-2.7.15.jar;C:\Users\DELL\.m2\repository\org\springframework\boot\spring-boot-starter-logging\2.7.15\spring-boot-starter-logging-2.7.15.jar;C:\Users\DELL\.m2\repository\ch\qos\logback\logback-classic\1.2.12\logback-classic-1.2.12.jar;C:\Users\DELL\.m2\repository\ch\qos\logback\logback-core\1.2.12\logback-core-1.2.12.jar;C:\Users\DELL\.m2\repository\org\apache\logging\log4j\log4j-to-slf4j\2.17.2\log4j-to-slf4j-2.17.2.jar;C:\Users\DELL\.m2\repository\org\apache\logging\log4j\log4j-api\2.17.2\log4j-api-2.17.2.jar;C:\Users\DELL\.m2\repository\org\slf4j\jul-to-slf4j\1.7.36\jul-to-slf4j-1.7.36.jar;C:\Users\DELL\.m2\repository\jakarta\annotation\jakarta.annotation-api\1.3.5\jakarta.annotation-api-1.3.5.jar;C:\Users\DELL\.m2\repository\org\yaml\snakeyaml\1.30\snakeyaml-1.30.jar;C:\Users\DELL\.m2\repository\org\thymeleaf\thymeleaf-spring5\3.0.15.RELEASE\thymeleaf-spring5-3.0.15.RELEASE.jar;C:\Users\DELL\.m2\repository\org\thymeleaf\thymeleaf\3.0.15.RELEASE\thymeleaf-3.0.15.RELEASE.jar;C:\Users\DELL\.m2\repository\org\attoparser\attoparser\2.0.5.RELEASE\attoparser-2.0.5.RELEASE.jar;C:\Users\DELL\.m2\repository\org\unbescape\unbescape\1.1.6.RELEASE\unbescape-1.1.6.RELEASE.jar;C:\Users\DELL\.m2\repository\org\slf4j\slf4j-api\1.7.36\slf4j-api-1.7.36.jar;C:\Users\DELL\.m2\repository\org\thymeleaf\extras\thymeleaf-extras-java8time\3.0.4.RELEASE\thymeleaf-extras-java8time-3.0.4.RELEASE.jar;C:\Users\DELL\.m2\repository\org\springframework\boot\spring-boot-starter-we
Launcher Type: SUN_STANDARD

[Global flags]
     intx CICompilerCount                          = 3                                         {product} {ergonomic}
     uint ConcGCThreads                            = 1                                         {product} {ergonomic}
     uint G1ConcRefinementThreads                  = 4                                         {product} {ergonomic}
   size_t G1HeapRegionSize                         = 1048576                                   {product} {ergonomic}
    uintx GCDrainStackTargetSize                   = 64                                        {product} {ergonomic}
   size_t InitialHeapSize                          = 134217728                                 {product} {ergonomic}
     bool ManagementServer                         = true                                      {product} {command line}
   size_t MarkStackSize                            = 4194304                                   {product} {ergonomic}
   size_t MaxHeapSize                              = 2118123520                                {product} {ergonomic}
   size_t MinHeapDeltaBytes                        = 1048576                                   {product} {ergonomic}
   size_t MinHeapSize                              = 8388608                                   {product} {ergonomic}
    uintx NonProfiledCodeHeapSize                  = 0                                      {pd product} {ergonomic}
     bool ProfileInterpreter                       = false                                  {pd product} {command line}
    uintx ProfiledCodeHeapSize                     = 0                                      {pd product} {ergonomic}
   size_t SoftMaxHeapSize                          = 2118123520                             {manageable} {ergonomic}
     intx TieredStopAtLevel                        = 1                                         {product} {command line}
     bool UseCompressedClassPointers               = true                           {product lp64_product} {ergonomic}
     bool UseCompressedOops                        = true                           {product lp64_product} {ergonomic}
     bool UseG1GC                                  = true                                      {product} {ergonomic}
     bool UseLargePagesIndividualAllocation        = false                                  {pd product} {ergonomic}

Logging:
Log output configuration:
 #0: stdout all=warning uptime,level,tags
 #1: stderr all=off uptime,level,tags

Environment Variables:
PATH=C:\Program Files\Eclipse Adoptium\jdk-17.0.6.10-hotspot\bin;C:\Program Files\Common Files\Oracle\Java\javapath;C:\Program Files (x86)\Common Files\Oracle\Java\javapath;C:\Windows\system32;C:\Windows;C:\Windows\System32\Wbem;C:\Windows\System32\WindowsPowerShell\v1.0\;C:\Windows\System32\OpenSSH\;C:\Program Files\dotnet\;C:\Program Files\nodejs\;C:\Program Files\Git\cmd;C:\Program Files\Docker\Docker\resources\bin;C:\Program Files (x86)\Microsoft SQL Server\160\Tools\Binn\;C:\Program Files\Microsoft SQL Server\160\Tools\Binn\;C:\Program Files\Microsoft SQL Server\Client SDK\ODBC\170\Tools\Binn\;C:\Program Files\Microsoft SQL Server\160\DTS\Binn\;C:\Program Files\PuTTY\;C:\minikube;C:\Program Files\Kubernetes\Minikube;C:\Program Files\MySQL\MySQL Shell 8.0\bin\;C:\Users\DELL\AppData\Local\Microsoft\WindowsApps;C:\Users\DELL\AppData\Local\Programs\Microsoft VS Code\bin;C:\Users\DELL\AppData\Roaming\npm;C:\Users\DELL\AppData\Local\JetBrains\Toolbox\scripts;C:\Program Files\Azure Data Studio\bin;C:\Users\DELL\AppData\Local\Microsoft\WinGet\Packages\Kubernetes.kubectl_Microsoft.Winget.Source_8wekyb3d8bbwe;C:\Users\DELL\AppData\Local\GitHubDesktop\bin
USERNAME=DELL
OS=Windows_NT
PROCESSOR_IDENTIFIER=Intel64 Family 6 Model 78 Stepping 3, GenuineIntel



---------------  S Y S T E M  ---------------

OS:
 Windows 10 , 64 bit Build 19041 (10.0.19041.3393)
OS uptime: 2 days 1:18 hours
Hyper-V role detected

CPU: total 4 (initial active 4) (2 cores per cpu, 2 threads per core) family 6 model 78 stepping 3 microcode 0xcc, cx8, cmov, fxsr, ht, mmx, 3dnowpref, sse, sse2, sse3, ssse3, sse4.1, sse4.2, popcnt, lzcnt, tsc, tscinvbit, avx, avx2, aes, erms, clmul, bmi1, bmi2, rtm, adx, fma, vzeroupper, clflush, clflushopt, hv

Memory: 4k page, system-wide physical 8076M (286M free)
TotalPageFile size 26009M (AvailPageFile size 127M)
current process WorkingSet (physical memory assigned to process): 12M, peak: 12M
current process commit charge ("private bytes"): 48M, peak: 176M

vm_info: Java HotSpot(TM) 64-Bit Server VM (17.0.3.1+2-LTS-6) for windows-amd64 JRE (17.0.3.1+2-LTS-6), built on Apr 25 2022 22:04:21 by "mach5one" with MS VC++ 16.8 / 16.9 (VS2019)

END.
